#
# A fatal error has been detected by the Java Runtime Environment:
#
#  EXCEPTION_ACCESS_VIOLATION (0xc0000005) at pc=0x00007ffa49a10822, pid=10820, tid=0x0000000000000a94
#
# JRE version: Java(TM) SE Runtime Environment (8.0_211-b12) (build 1.8.0_211-b12)
# Java VM: Java HotSpot(TM) 64-Bit Server VM (25.211-b12 mixed mode windows-amd64 compressed oops)
# Problematic frame:
# C  [jniortools.dll+0xa40822]
#
# Failed to write core dump. Minidumps are not enabled by default on client versions of Windows
#
# If you would like to submit a bug report, please visit:
#   http://bugreport.java.com/bugreport/crash.jsp
# The crash happened outside the Java Virtual Machine in native code.
# See problematic frame for where to report the bug.
#

---------------  T H R E A D  ---------------

Current thread (0x0000000002cae000):  JavaThread "main" [_thread_in_native, id=2708, stack(0x0000000002b30000,0x0000000002c30000)]

siginfo: ExceptionCode=0xc0000005, reading address 0x000000001a1f8c17

Registers:
RAX=0x000000001a1f8bb0, RBX=0x0000000000000000, RCX=0x000000001a1ce0e0, RDX=0x0000000001120000
RSP=0x0000000002c2e9a0, RBP=0x0000000000000000, RSI=0x000000001a1ce0e0, RDI=0x0000000000000000
R8 =0x0000000000de1200, R9 =0x0000000000000001, R10=0x0000000000008000, R11=0x0000000002c2e980
R12=0x0000000000000000, R13=0x0000000017576340, R14=0x0000000000000000, R15=0x00007ffa49e3c820
RIP=0x00007ffa49a10822, EFLAGS=0x0000000000010246

Top of Stack: (sp=0x0000000002c2e9a0)
0x0000000002c2e9a0:   000000001a1fc910 00007ffab793fb91
0x0000000002c2e9b0:   000000001a1ce230 0000000001120000
0x0000000002c2e9c0:   0000000002c2ebc0 0000000000000000
0x0000000002c2e9d0:   0000000000000000 00007ffa495f9a21
0x0000000002c2e9e0:   0000000000000000 00007ffab49814cb
0x0000000002c2e9f0:   000000001a1ce0d0 0000000002c2efb0
0x0000000002c2ea00:   0000bc19576255ae 0000000000000000
0x0000000002c2ea10:   0000000000000000 00007ffa497beded
0x0000000002c2ea20:   0000000002c2efb0 000000001a1ce0d0
0x0000000002c2ea30:   0000000002c2ebc0 0000000002c2efb0
0x0000000002c2ea40:   0000000000000000 00007ffa499cba6c
0x0000000002c2ea50:   000000001a1ce0d0 00007ffa497c0024
0x0000000002c2ea60:   0000000000000000 0000000000000001
0x0000000002c2ea70:   0000000000000001 0000000002c2ebc0
0x0000000002c2ea80:   0000000000000001 00007ffa494d6312
0x0000000002c2ea90:   000000001a1fb790 0000000000000000 

Instructions: (pc=0x00007ffa49a10822)
0x00007ffa49a10802:   48 8b c8 48 8b d7 ff 15 52 ad 42 00 90 f6 c3 08
0x00007ffa49a10812:   74 0b 48 8d 4c 24 20 e8 e2 6f 6a ff 90 48 8b 06
0x00007ffa49a10822:   40 38 68 67 0f 84 9f 01 00 00 41 b8 3b 00 00 00
0x00007ffa49a10832:   48 8d 15 ff 47 49 00 48 8d 4c 24 20 e8 3d 66 6a 


Register to memory mapping:

RAX=0x000000001a1f8bb0 is an unknown value
RBX=0x0000000000000000 is an unknown value
RCX=0x000000001a1ce0e0 is an unknown value
RDX=0x0000000001120000 is an unknown value
RSP=0x0000000002c2e9a0 is pointing into the stack for thread: 0x0000000002cae000
RBP=0x0000000000000000 is an unknown value
RSI=0x000000001a1ce0e0 is an unknown value
RDI=0x0000000000000000 is an unknown value
R8 =0x0000000000de1200 is an unknown value
R9 =0x0000000000000001 is an unknown value
R10=0x0000000000008000 is an unknown value
R11=0x0000000002c2e980 is pointing into the stack for thread: 0x0000000002cae000
R12=0x0000000000000000 is an unknown value
R13={method} {0x0000000017576348} 'SatHelper_solveWithParameters' '([B[B)[B' in 'com/google/ortools/sat/mainJNI'
R14=0x0000000000000000 is an unknown value
R15=0x00007ffa49e3c820 is an unknown value


Stack: [0x0000000002b30000,0x0000000002c30000],  sp=0x0000000002c2e9a0,  free space=1018k
Native frames: (J=compiled Java code, j=interpreted, Vv=VM code, C=native code)

Java frames: (J=compiled Java code, j=interpreted, Vv=VM code)
j  com.google.ortools.sat.mainJNI.SatHelper_solveWithParameters([B[B)[B+0
j  com.google.ortools.sat.SatHelper.solveWithParameters(Lcom/google/ortools/sat/CpModelProto;Lcom/google/ortools/sat/SatParameters;)Lcom/google/ortools/sat/CpSolverResponse;+8
j  com.google.ortools.sat.CpSolver.solve(Lcom/google/ortools/sat/CpModel;)Lcom/google/ortools/sat/CpSolverStatus;+12
j  Ortools.solve()V+536
j  Ortools.main([Ljava/lang/String;)V+15
v  ~StubRoutines::call_stub

---------------  P R O C E S S  ---------------

Java Threads: ( => current thread )
  0x00000000179ad800 JavaThread "Service Thread" daemon [_thread_blocked, id=18792, stack(0x00000000197b0000,0x00000000198b0000)]
  0x000000001795c000 JavaThread "C1 CompilerThread2" daemon [_thread_blocked, id=11036, stack(0x00000000192b0000,0x00000000193b0000)]
  0x0000000017953000 JavaThread "C2 CompilerThread1" daemon [_thread_blocked, id=16008, stack(0x00000000191b0000,0x00000000192b0000)]
  0x000000001794d800 JavaThread "C2 CompilerThread0" daemon [_thread_blocked, id=17244, stack(0x00000000190b0000,0x00000000191b0000)]
  0x000000001794a800 JavaThread "Attach Listener" daemon [_thread_blocked, id=2980, stack(0x0000000018fb0000,0x00000000190b0000)]
  0x0000000017949800 JavaThread "Signal Dispatcher" daemon [_thread_blocked, id=3860, stack(0x0000000018eb0000,0x0000000018fb0000)]
  0x000000001793a800 JavaThread "Finalizer" daemon [_thread_blocked, id=7816, stack(0x0000000018bb0000,0x0000000018cb0000)]
  0x0000000002ea0800 JavaThread "Reference Handler" daemon [_thread_blocked, id=1164, stack(0x0000000018ab0000,0x0000000018bb0000)]
=>0x0000000002cae000 JavaThread "main" [_thread_in_native, id=2708, stack(0x0000000002b30000,0x0000000002c30000)]

Other Threads:
  0x0000000017918800 VMThread [stack: 0x00000000189b0000,0x0000000018ab0000] [id=908]
  0x00000000179ae800 WatcherThread [stack: 0x00000000198b0000,0x00000000199b0000] [id=9684]

VM state:not at safepoint (normal execution)

VM Mutex/Monitor currently owned by a thread: None

heap address: 0x0000000082800000, size: 2008 MB, Compressed Oops mode: 32-bit
Narrow klass base: 0x0000000000000000, Narrow klass shift: 3
Compressed class space size: 1073741824 Address: 0x0000000100000000

Heap:
 PSYoungGen      total 37888K, used 8685K [0x00000000d6300000, 0x00000000d8d00000, 0x0000000100000000)
  eden space 32768K, 26% used [0x00000000d6300000,0x00000000d6b7b570,0x00000000d8300000)
  from space 5120K, 0% used [0x00000000d8800000,0x00000000d8800000,0x00000000d8d00000)
  to   space 5120K, 0% used [0x00000000d8300000,0x00000000d8300000,0x00000000d8800000)
 ParOldGen       total 86016K, used 0K [0x0000000082800000, 0x0000000087c00000, 0x00000000d6300000)
  object space 86016K, 0% used [0x0000000082800000,0x0000000082800000,0x0000000087c00000)
 Metaspace       used 6030K, capacity 6684K, committed 6912K, reserved 1056768K
  class space    used 618K, capacity 656K, committed 768K, reserved 1048576K

Card table byte_map: [0x0000000012270000,0x0000000012660000] byte_map_base: 0x0000000011e5c000

Marking Bits: (ParMarkBitMap*) 0x0000000064b75ce0
 Begin Bits: [0x0000000012d00000, 0x0000000014c60000)
 End Bits:   [0x0000000014c60000, 0x0000000016bc0000)

Polling page: 0x0000000001110000

CodeCache: size=245760Kb used=1918Kb max_used=1921Kb free=243841Kb
 bounds [0x0000000002eb0000, 0x0000000003120000, 0x0000000011eb0000]
 total_blobs=629 nmethods=347 adapters=195
 compilation: enabled

Compilation events (10 events):
Event: 0.565 Thread 0x000000001795c000 nmethod 341 0x000000000308c7d0 code [0x000000000308c940, 0x000000000308cc48]
Event: 0.565 Thread 0x000000001795c000  343  s    3       java.io.BufferedOutputStream::write (67 bytes)
Event: 0.565 Thread 0x0000000017953000 nmethod 345 0x000000000308e250 code [0x000000000308e380, 0x000000000308e3f8]
Event: 0.565 Thread 0x000000001795c000 nmethod 343 0x000000000308bad0 code [0x000000000308bca0, 0x000000000308c4f8]
Event: 0.565 Thread 0x000000001795c000  344       3       java.io.OutputStream::flush (1 bytes)
Event: 0.565 Thread 0x000000001795c000 nmethod 344 0x000000000308b7d0 code [0x000000000308b920, 0x000000000308ba70]
Event: 0.575 Thread 0x000000001795c000  346       3       java.lang.StringBuilder::append (8 bytes)
Event: 0.575 Thread 0x000000001795c000 nmethod 346 0x00000000030922d0 code [0x0000000003092440, 0x00000000030925c8]
Event: 0.575 Thread 0x000000001795c000  347       3       java.lang.AbstractStringBuilder::append (70 bytes)
Event: 0.576 Thread 0x000000001795c000 nmethod 347 0x00000000030916d0 code [0x00000000030918a0, 0x0000000003091fd8]

GC Heap History (0 events):
No events

Deoptimization events (2 events):
Event: 0.380 Thread 0x0000000002cae000 Uncommon trap: reason=unstable_if action=reinterpret pc=0x00000000030069e8 method=java.lang.String.startsWith(Ljava/lang/String;I)Z @ 25
Event: 0.401 Thread 0x0000000002cae000 Uncommon trap: reason=unstable_if action=reinterpret pc=0x0000000003027124 method=java.lang.String.indexOf([CII[CIII)I @ 3

Classes redefined (0 events):
No events

Internal exceptions (6 events):
Event: 0.050 Thread 0x0000000002cae000 Exception <a 'java/lang/NoSuchMethodError': Method sun.misc.Unsafe.defineClass(Ljava/lang/String;[BII)Ljava/lang/Class; name or signature does not match> (0x00000000d6307cb0) thrown at [C:\re\workspace\8-2-build-windows-amd64-cygwin\jdk8u211\12973\hotspot
Event: 0.050 Thread 0x0000000002cae000 Exception <a 'java/lang/NoSuchMethodError': Method sun.misc.Unsafe.prefetchRead(Ljava/lang/Object;J)V name or signature does not match> (0x00000000d6307f98) thrown at [C:\re\workspace\8-2-build-windows-amd64-cygwin\jdk8u211\12973\hotspot\src\share\vm\prim
Event: 0.187 Thread 0x0000000002cae000 Exception <a 'java/security/PrivilegedActionException'> (0x00000000d644fa18) thrown at [C:\re\workspace\8-2-build-windows-amd64-cygwin\jdk8u211\12973\hotspot\src\share\vm\prims\jvm.cpp, line 1502]
Event: 0.187 Thread 0x0000000002cae000 Exception <a 'java/security/PrivilegedActionException'> (0x00000000d644fe10) thrown at [C:\re\workspace\8-2-build-windows-amd64-cygwin\jdk8u211\12973\hotspot\src\share\vm\prims\jvm.cpp, line 1502]
Event: 0.188 Thread 0x0000000002cae000 Exception <a 'java/security/PrivilegedActionException'> (0x00000000d6453c68) thrown at [C:\re\workspace\8-2-build-windows-amd64-cygwin\jdk8u211\12973\hotspot\src\share\vm\prims\jvm.cpp, line 1502]
Event: 0.188 Thread 0x0000000002cae000 Exception <a 'java/security/PrivilegedActionException'> (0x00000000d6454060) thrown at [C:\re\workspace\8-2-build-windows-amd64-cygwin\jdk8u211\12973\hotspot\src\share\vm\prims\jvm.cpp, line 1502]

Events (10 events):
Event: 0.431 loading class sun/misc/FloatingDecimal$BinaryToASCIIBuffer
Event: 0.431 loading class sun/misc/FloatingDecimal$BinaryToASCIIBuffer done
Event: 0.431 loading class sun/misc/FloatingDecimal$1
Event: 0.431 loading class sun/misc/FloatingDecimal$1 done
Event: 0.431 loading class sun/misc/FloatingDecimal$PreparedASCIIToBinaryBuffer
Event: 0.431 loading class sun/misc/FloatingDecimal$ASCIIToBinaryConverter
Event: 0.431 loading class sun/misc/FloatingDecimal$ASCIIToBinaryConverter done
Event: 0.431 loading class sun/misc/FloatingDecimal$PreparedASCIIToBinaryBuffer done
Event: 0.431 loading class sun/misc/FDBigInteger
Event: 0.431 loading class sun/misc/FDBigInteger done


Dynamic libraries:
0x00007ff70c720000 - 0x00007ff70c757000 	C:\Program Files\Java\jre1.8.0_211\bin\javaw.exe
0x00007ffab7900000 - 0x00007ffab7af0000 	C:\WINDOWS\SYSTEM32\ntdll.dll
0x00007ffab74c0000 - 0x00007ffab7572000 	C:\WINDOWS\System32\KERNEL32.DLL
0x00007ffab5690000 - 0x00007ffab5933000 	C:\WINDOWS\System32\KERNELBASE.dll
0x00007ffab6ba0000 - 0x00007ffab6c43000 	C:\WINDOWS\System32\ADVAPI32.dll
0x00007ffab6400000 - 0x00007ffab649e000 	C:\WINDOWS\System32\msvcrt.dll
0x00007ffab6b00000 - 0x00007ffab6b97000 	C:\WINDOWS\System32\sechost.dll
0x00007ffab6cb0000 - 0x00007ffab6dd0000 	C:\WINDOWS\System32\RPCRT4.dll
0x00007ffab76a0000 - 0x00007ffab7834000 	C:\WINDOWS\System32\USER32.dll
0x00007ffab51f0000 - 0x00007ffab5211000 	C:\WINDOWS\System32\win32u.dll
0x00007ffab5c70000 - 0x00007ffab5c96000 	C:\WINDOWS\System32\GDI32.dll
0x00007ffab52a0000 - 0x00007ffab5434000 	C:\WINDOWS\System32\gdi32full.dll
0x00007ffab54a0000 - 0x00007ffab553e000 	C:\WINDOWS\System32\msvcp_win.dll
0x00007ffab4970000 - 0x00007ffab4a6a000 	C:\WINDOWS\System32\ucrtbase.dll
0x00007ffa9eb20000 - 0x00007ffa9eda5000 	C:\WINDOWS\WinSxS\amd64_microsoft.windows.common-controls_6595b64144ccf1df_6.0.18362.778_none_e6c6b761130d4fb8\COMCTL32.dll
0x00007ffab5d00000 - 0x00007ffab6036000 	C:\WINDOWS\System32\combase.dll
0x00007ffab5220000 - 0x00007ffab52a0000 	C:\WINDOWS\System32\bcryptPrimitives.dll
0x00007ffab64a0000 - 0x00007ffab64ce000 	C:\WINDOWS\System32\IMM32.DLL
0x0000000065930000 - 0x0000000065a02000 	C:\Program Files\Java\jre1.8.0_211\bin\msvcr100.dll
0x0000000064350000 - 0x0000000064bf5000 	C:\Program Files\Java\jre1.8.0_211\bin\server\jvm.dll
0x00007ffab6340000 - 0x00007ffab6348000 	C:\WINDOWS\System32\PSAPI.DLL
0x00007ffaa1a00000 - 0x00007ffaa1a09000 	C:\WINDOWS\SYSTEM32\WSOCK32.dll
0x00007ffab7630000 - 0x00007ffab769f000 	C:\WINDOWS\System32\WS2_32.dll
0x00007ffaacea0000 - 0x00007ffaacec4000 	C:\WINDOWS\SYSTEM32\WINMM.dll
0x00007ffaae6e0000 - 0x00007ffaae6ea000 	C:\WINDOWS\SYSTEM32\VERSION.dll
0x00007ffaace70000 - 0x00007ffaace9d000 	C:\WINDOWS\SYSTEM32\WINMMBASE.dll
0x00007ffab5960000 - 0x00007ffab59aa000 	C:\WINDOWS\System32\cfgmgr32.dll
0x00007ffab1470000 - 0x00007ffab147f000 	C:\Program Files\Java\jre1.8.0_211\bin\verify.dll
0x00007ffaa1360000 - 0x00007ffaa1389000 	C:\Program Files\Java\jre1.8.0_211\bin\java.dll
0x00007ffa8d620000 - 0x00007ffa8d636000 	C:\Program Files\Java\jre1.8.0_211\bin\zip.dll
0x00007ffab6dd0000 - 0x00007ffab74b5000 	C:\WINDOWS\System32\SHELL32.dll
0x00007ffab6350000 - 0x00007ffab63f9000 	C:\WINDOWS\System32\shcore.dll
0x00007ffab4a70000 - 0x00007ffab51f0000 	C:\WINDOWS\System32\windows.storage.dll
0x00007ffab47d0000 - 0x00007ffab47f3000 	C:\WINDOWS\System32\profapi.dll
0x00007ffab4840000 - 0x00007ffab488a000 	C:\WINDOWS\System32\powrprof.dll
0x00007ffab47c0000 - 0x00007ffab47d0000 	C:\WINDOWS\System32\UMPDC.dll
0x00007ffab5ca0000 - 0x00007ffab5cf2000 	C:\WINDOWS\System32\shlwapi.dll
0x00007ffab4800000 - 0x00007ffab4811000 	C:\WINDOWS\System32\kernel.appcore.dll
0x00007ffab5940000 - 0x00007ffab5957000 	C:\WINDOWS\System32\cryptsp.dll
0x00007ffa48fd0000 - 0x00007ffa4a1bd000 	C:\Users\T470\OneDrive - Hanoi University of Science and Technology\Documents\Study\20192\Toi uu lap ke hoach\lib\ortools\jniortools.dll
0x00007ffab4890000 - 0x00007ffab48b6000 	C:\WINDOWS\System32\bcrypt.dll
0x00007ffa776e0000 - 0x00007ffa7778a000 	C:\Program Files\Java\jre1.8.0_211\bin\MSVCP140.dll
0x00007ffaade10000 - 0x00007ffaade26000 	C:\Program Files\Java\jre1.8.0_211\bin\VCRUNTIME140.dll
0x00007ffab20f0000 - 0x00007ffab22e4000 	C:\WINDOWS\SYSTEM32\dbghelp.dll
0x00007ffab1430000 - 0x00007ffab143c000 	C:\WINDOWS\SYSTEM32\VCRUNTIME140_1.dll
0x00007ffa8b4d0000 - 0x00007ffa8b4ea000 	C:\Program Files\Java\jre1.8.0_211\bin\net.dll
0x00007ffaa5ee0000 - 0x00007ffaa60b5000 	C:\WINDOWS\SYSTEM32\urlmon.dll
0x00007ffaa5930000 - 0x00007ffaa5bd6000 	C:\WINDOWS\SYSTEM32\iertutil.dll
0x00007ffab4200000 - 0x00007ffab420c000 	C:\WINDOWS\SYSTEM32\CRYPTBASE.DLL
0x00007ffab4030000 - 0x00007ffab4097000 	C:\WINDOWS\system32\mswsock.dll
0x00007ffa8b4b0000 - 0x00007ffa8b4c2000 	C:\Program Files\Java\jre1.8.0_211\bin\nio.dll

VM Arguments:
jvm_args: -Djava.library.path=C:\Users\T470\OneDrive - Hanoi University of Science and Technology\Documents\Study\20192\Toi uu lap ke hoach\lib\ortools -Dfile.encoding=UTF-8 
java_command: Ortools
java_class_path (initial): C:\Users\T470\OneDrive - Hanoi University of Science and Technology\Documents\Study\20192\Toi uu lap ke hoach\eclipse\prj_opt\bin;C:\Users\T470\OneDrive - Hanoi University of Science and Technology\Documents\Study\20192\Toi uu lap ke hoach\lib\ortools\com.google.ortools.jar;C:\Users\T470\OneDrive - Hanoi University of Science and Technology\Documents\Study\20192\Toi uu lap ke hoach\lib\ortools\protobuf.jar;C:\Users\T470\OneDrive - Hanoi University of Science and Technology\Documents\Study\20192\Toi uu lap ke hoach\lib\choco-solver-4.10.2.jar
Launcher Type: SUN_STANDARD

Environment Variables:
JAVA_HOME=C:\Program Files\Java\jdk1.8.0_211\bin
PATH=C:/Program Files/Java/jre1.8.0_211/bin/server;C:/Program Files/Java/jre1.8.0_211/bin;C:/Program Files/Java/jre1.8.0_211/lib/amd64;C:\Python27\;C:\Python27\Scripts;C:\Users\T470\AppData\Local\Android\Sdk\platform-tools\;C:\Windows\System32\;C:\WINDOWS\system32;C:\WINDOWS;C:\WINDOWS\System32\Wbem;C:\WINDOWS\System32\WindowsPowerShell\v1.0\;C:\WINDOWS\System32\OpenSSH\;C:\Program Files\Git\cmd;C:\Program Files\Intel\WiFi\bin\;C:\Program Files\Common Files\Intel\WirelessCommon\;C:\Program Files\Microsoft SQL Server\Client SDK\ODBC\130\Tools\Binn\;C:\Program Files (x86)\Microsoft SQL Server\140\Tools\Binn\;C:\Program Files\Microsoft SQL Server\140\Tools\Binn\;C:\Program Files\Microsoft SQL Server\140\DTS\Binn\;C:\Program Files (x86)\Microsoft SQL Server\150\DTS\Binn\;C:\Program Files\nodejs\;C:\ProgramData\chocolatey\bin;C:\Program Files\Java\jdk1.8.0_211\bin;C:\Program Files (x86)\Brackets\command;C:\Users\T470\Miniconda3;C:\Users\T470\Miniconda3\Library\mingw-w64\bin;C:\Users\T470\Miniconda3\Library\usr\bin;C:\Users\T470\Miniconda3\Library\bin;C:\Users\T470\Miniconda3\Scripts;C:\Users\T470\AppData\Local\Programs\Python\Python37\Scripts\;C:\Users\T470\AppData\Local\Programs\Python\Python37\;C:\Users\T470\AppData\Local\Microsoft\WindowsApps;C:\Program Files\JetBrains\IntelliJ IDEA Community Edition 2019.2.1\bin;C:\Users\T470\AppData\Roaming\npm;C:\Program Files\Sublime Text 3;C:\Program Files\MongoDB\Server\4.2\bin;C:\Program Files\JetBrains\PyCharm Community Edition 2019.3.2\bin;;C:\Users\T470\AppData\Local\Programs\Python\Python38;C:\Users\T470\AppData\Local\Programs\Microsoft VS Code\bin;C:\WINDOWS\System32;
USERNAME=T470
OS=Windows_NT
PROCESSOR_IDENTIFIER=Intel64 Family 6 Model 78 Stepping 3, GenuineIntel



---------------  S Y S T E M  ---------------

OS: Windows 10.0 , 64 bit Build 18362 (10.0.18362.778)

CPU:total 4 (initial active 4) (2 cores per cpu, 2 threads per core) family 6 model 78 stepping 3, cmov, cx8, fxsr, mmx, sse, sse2, sse3, ssse3, sse4.1, sse4.2, popcnt, avx, avx2, aes, clmul, erms, rtm, 3dnowpref, lzcnt, ht, tsc, tscinvbit, bmi1, bmi2, adx

Memory: 4k page, physical 8224532k(1255308k free), swap 16088852k(5955468k free)

vm_info: Java HotSpot(TM) 64-Bit Server VM (25.211-b12) for windows-amd64 JRE (1.8.0_211-b12), built on Apr  1 2019 20:53:26 by "java_re" with MS VC++ 10.0 (VS2010)

time: Sat May 09 12:48:27 2020
timezone: SE Asia Standard Time
elapsed time: 0 seconds (0d 0h 0m 0s)

